ERROR:root:File is not their [Errno 2] No such file or directory: 'example1.txt'
ERROR:root:File is not their [Errno 2] No such file or directory: 'example1.txt'
ERROR:root:Module not found No module named 'maanv'
ERROR:root:Module not found No module named 'maanv'
ERROR:root:Module not found No module named 'maanv'
ERROR:root:Module not found No module named 'maanv'
ERROR:root:File is not their [Errno 2] No such file or directory: 'example1.txt'
ERROR:root:File is not their [Errno 2] No such file or directory: 'example1.txt'
ERROR:root:My file is not found [Errno 2] No such file or directory: 'hii.txt'
ERROR:root:My file is not found [Errno 2] No such file or directory: 'hii.txt'
ERROR:root:My file is not found [Errno 2] No such file or directory: 'hello.txt'
ERROR:root:My file is not found [Errno 2] No such file or directory: 'maanv.txt'
ERROR:root:My file is not found [Errno 2] No such file or directory: 'maanv.txt'
ERROR:root:Module not found No module named 'maanv'
ERROR:root:My file is not found [Errno 2] No such file or directory: 'maanv.txt'
ERROR:root:My file is not found [Errno 2] No such file or directory: 'maanv.txt'
ERROR:root:Module not found No module named 'maanv'
ERROR:root:My file is not found [Errno 2] No such file or directory: 'maanv.txt'
ERROR:root:File is not their [Errno 2] No such file or directory: 'example1.txt'
ERROR:root:My file is not found [Errno 2] No such file or directory: 'maanv.txt'
ERROR:root:My file is not found [Errno 2] No such file or directory: 'maanv.txt'
ERROR:root:File is not their [Errno 2] No such file or directory: 'example1.txt'
ERROR:root:Module not found No module named 'maanv'
ERROR:root:My file is not found [Errno 2] No such file or directory: 'hello.txt'
ERROR:root:My file is not found [Errno 2] No such file or directory: 'maanv.txt'
